<?xml version="1.0" encoding="UTF-8"?>
<robot generator="Robot 6.1.1 (Python 3.12.2 on win32)" generated="20240527 13:02:54.577" rpa="false" schemaversion="4">
<suite id="s1" name="Login Test" source="C:\Users\Priti\Desktop\SI GIT\wm-indexnine-qa-automation\Android\TestCases\Login\login_test.robot">
<test id="s1-t1" name="TC-02 Verify User Can Request An Otp For Login" line="33">
<kw name="Open KC application" library="login_keywords" type="SETUP">
<kw name="Get Environment Data" library="user_keywords">
<var>${env_data}</var>
<arg>${android_environment}</arg>
<msg timestamp="20240527 13:02:57.203" level="INFO">${env_data} = {'host': 'http://127.0.0.1:4723', 'platformName': 'Android', 'deviceName': 'bae57ac0', 'application_sdk': 'C:\\Users\\Priti\\Downloads\\SI QA Automation (2)\\SI QA Automation\\Android\\TestData\\Appli...</msg>
<status status="PASS" starttime="20240527 13:02:57.201" endtime="20240527 13:02:57.204"/>
</kw>
<kw name="Create Dictionary" library="BuiltIn">
<var>${env_data}</var>
<arg>&amp;{env_data}</arg>
<doc>Creates and returns a dictionary based on the given ``items``.</doc>
<msg timestamp="20240527 13:02:57.204" level="INFO">${env_data} = {'host': 'http://127.0.0.1:4723', 'platformName': 'Android', 'deviceName': 'bae57ac0', 'application_sdk': 'C:\\Users\\Priti\\Downloads\\SI QA Automation (2)\\SI QA Automation\\Android\\TestData\\Appli...</msg>
<status status="PASS" starttime="20240527 13:02:57.204" endtime="20240527 13:02:57.204"/>
</kw>
<kw name="Open Application" library="AppiumLibrary">
<arg>${env_data.host}</arg>
<arg>platformName=${env_data.platformName}</arg>
<arg>deviceName=${env_data.deviceName}</arg>
<arg>app=${env_data.application_sdk}</arg>
<arg>autoGrantPermissions=true</arg>
<arg>automationName=${env_data.automationName}</arg>
<arg>noReset=false</arg>
<arg>newCommandTimeout=${APPIUM SERVER TIMEOUT}</arg>
<doc>Opens a new application to given Appium server.
Capabilities of appium server, Android and iOS,
Please check https://github.com/appium/appium/blob/master/docs/en/writing-running-appium/server-args.md
| *Option*            | *Man.* | *Description*     |
| remote_url          | Yes    | Appium server url |
| alias               | no     | alias             |
| strict_ssl          | No     | allows you to send commands to an invalid certificate host like a self-signed one. |</doc>
<status status="PASS" starttime="20240527 13:02:57.205" endtime="20240527 13:03:07.454"/>
</kw>
<status status="PASS" starttime="20240527 13:02:57.201" endtime="20240527 13:03:07.455"/>
</kw>
<kw name="Fetch Data By Id" library="user_keywords">
<var>&amp;{login_data}</var>
<arg>${android_td}</arg>
<arg>2</arg>
<msg timestamp="20240527 13:03:07.470" level="INFO">&amp;{login_data} = { id=2 | mob_number=7100000012 | otp=123456 | firstname=demo | lastname=demo1 | email=demo10@gmail.com | None=None }</msg>
<status status="PASS" starttime="20240527 13:03:07.455" endtime="20240527 13:03:07.470"/>
</kw>
<kw name="Verify Login Screen" library="login_keywords">
<kw name="Wait Until Element Is Visible" library="AppiumLibrary">
<arg>${login_view}</arg>
<arg>timeout=120</arg>
<doc>Waits until element specified with `locator` is visible.</doc>
<msg timestamp="20240527 13:03:16.624" level="INFO">xpath criteria: //android.widget.ScrollView/android.view.ViewGroup
xpath criteria: //android.widget.ScrollView/android.view.ViewGroup
xpath criteria: //android.widget.ScrollView/android.view.ViewGroup
xpath criteria: //android.widget.ScrollView/android.view.ViewGroup
xpath criteria: //android.widget.ScrollView/android.view.ViewGroup
xpath criteria: //android.widget.ScrollView/android.view.ViewGroup
xpath criteria: //android.widget.ScrollView/android.view.ViewGroup
xpath criteria: //android.widget.ScrollView/android.view.ViewGroup
xpath criteria: //android.widget.ScrollView/android.view.ViewGroup
xpath criteria: //android.widget.ScrollView/android.view.ViewGroup
xpath criteria: //android.widget.ScrollView/android.view.ViewGroup
xpath criteria: //android.widget.ScrollView/android.view.ViewGroup
xpath criteria: //android.widget.ScrollView/android.view.ViewGroup
xpath criteria: //android.widget.ScrollView/android.view.ViewGroup
xpath criteria: //android.widget.ScrollView/android.view.ViewGroup
xpath criteria: //android.widget.ScrollView/android.view.ViewGroup
xpath criteria: //android.widget.ScrollView/android.view.ViewGroup
xpath criteria: //android.widget.ScrollView/android.view.ViewGroup
xpath criteria: //android.widget.ScrollView/android.view.ViewGroup</msg>
<status status="PASS" starttime="20240527 13:03:07.470" endtime="20240527 13:03:16.625"/>
</kw>
<status status="PASS" starttime="20240527 13:03:07.470" endtime="20240527 13:03:16.625"/>
</kw>
<kw name="Enter Mobile Number" library="login_keywords">
<arg>${login_data}</arg>
<kw name="Create Dictionary" library="BuiltIn">
<var>${td_login}</var>
<arg>&amp;{user_data}</arg>
<doc>Creates and returns a dictionary based on the given ``items``.</doc>
<msg timestamp="20240527 13:03:16.628" level="INFO">${td_login} = {'id': '2', 'mob_number': '7100000012', 'otp': '123456', 'firstname': 'demo', 'lastname': 'demo1', 'email': 'demo10@gmail.com', None: None}</msg>
<status status="PASS" starttime="20240527 13:03:16.627" endtime="20240527 13:03:16.628"/>
</kw>
<kw name="Log" library="BuiltIn">
<arg>${td_login}</arg>
<doc>Logs the given message with the given level.</doc>
<msg timestamp="20240527 13:03:16.628" level="INFO">{'id': '2', 'mob_number': '7100000012', 'otp': '123456', 'firstname': 'demo', 'lastname': 'demo1', 'email': 'demo10@gmail.com', None: None}</msg>
<status status="PASS" starttime="20240527 13:03:16.628" endtime="20240527 13:03:16.629"/>
</kw>
<kw name="Input Text" library="AppiumLibrary">
<arg>${mobile_field}</arg>
<arg>${td_login.mob_number}</arg>
<doc>Types the given `text` into text field identified by `locator`.</doc>
<msg timestamp="20240527 13:03:16.635" level="INFO">Typing text '7100000012' into text field '//android.widget.EditText[@resource-id="com.knightclub.app:id/et_mobile"]'</msg>
<msg timestamp="20240527 13:03:17.419" level="INFO">xpath criteria: //android.widget.EditText[@resource-id="com.knightclub.app:id/et_mobile"]</msg>
<status status="PASS" starttime="20240527 13:03:16.629" endtime="20240527 13:03:17.420"/>
</kw>
<status status="PASS" starttime="20240527 13:03:16.625" endtime="20240527 13:03:17.420"/>
</kw>
<kw name="Click On Request Otp Button" library="login_keywords">
<kw name="Wait Until Element Is Visible" library="AppiumLibrary">
<arg>//android.widget.Button[@text="REQUEST OTP"]</arg>
<doc>Waits until element specified with `locator` is visible.</doc>
<msg timestamp="20240527 13:03:18.213" level="INFO">xpath criteria: //android.widget.Button[@text="REQUEST OTP"]</msg>
<status status="PASS" starttime="20240527 13:03:17.421" endtime="20240527 13:03:18.213"/>
</kw>
<kw name="Click Element" library="AppiumLibrary">
<arg>//android.widget.Button[@text="REQUEST OTP"]</arg>
<doc>Click element identified by `locator`.</doc>
<msg timestamp="20240527 13:03:18.220" level="INFO">Clicking element '//android.widget.Button[@text="REQUEST OTP"]'.</msg>
<msg timestamp="20240527 13:03:18.486" level="INFO">xpath criteria: //android.widget.Button[@text="REQUEST OTP"]</msg>
<status status="PASS" starttime="20240527 13:03:18.213" endtime="20240527 13:03:18.486"/>
</kw>
<status status="PASS" starttime="20240527 13:03:17.421" endtime="20240527 13:03:18.486"/>
</kw>
<kw name="Check Otp Screen" library="login_keywords">
<kw name="Wait Until Element Is Visible" library="AppiumLibrary">
<arg>${otp_screen}</arg>
<arg>timeout=30</arg>
<doc>Waits until element specified with `locator` is visible.</doc>
<msg timestamp="20240527 13:03:24.811" level="INFO">xpath criteria: //android.widget.LinearLayout[@resource-id="com.knightclub.app:id/inc_otp_verification"]
xpath criteria: //android.widget.LinearLayout[@resource-id="com.knightclub.app:id/inc_otp_verification"]
xpath criteria: //android.widget.LinearLayout[@resource-id="com.knightclub.app:id/inc_otp_verification"]
xpath criteria: //android.widget.LinearLayout[@resource-id="com.knightclub.app:id/inc_otp_verification"]
xpath criteria: //android.widget.LinearLayout[@resource-id="com.knightclub.app:id/inc_otp_verification"]
xpath criteria: //android.widget.LinearLayout[@resource-id="com.knightclub.app:id/inc_otp_verification"]
xpath criteria: //android.widget.LinearLayout[@resource-id="com.knightclub.app:id/inc_otp_verification"]
xpath criteria: //android.widget.LinearLayout[@resource-id="com.knightclub.app:id/inc_otp_verification"]
xpath criteria: //android.widget.LinearLayout[@resource-id="com.knightclub.app:id/inc_otp_verification"]
xpath criteria: //android.widget.LinearLayout[@resource-id="com.knightclub.app:id/inc_otp_verification"]
xpath criteria: //android.widget.LinearLayout[@resource-id="com.knightclub.app:id/inc_otp_verification"]</msg>
<status status="PASS" starttime="20240527 13:03:18.488" endtime="20240527 13:03:24.813"/>
</kw>
<kw name="Element Should Be Visible" library="AppiumLibrary">
<arg>${otp_screen}</arg>
<doc>Verifies that element identified with locator is visible.</doc>
<msg timestamp="20240527 13:03:25.458" level="INFO">xpath criteria: //android.widget.LinearLayout[@resource-id="com.knightclub.app:id/inc_otp_verification"]</msg>
<status status="PASS" starttime="20240527 13:03:24.813" endtime="20240527 13:03:25.458"/>
</kw>
<status status="PASS" starttime="20240527 13:03:18.488" endtime="20240527 13:03:25.458"/>
</kw>
<kw name="Close Application" library="AppiumLibrary" type="TEARDOWN">
<doc>Closes the current application and also close webdriver session.</doc>
<status status="PASS" starttime="20240527 13:03:25.459" endtime="20240527 13:03:26.061"/>
</kw>
<status status="PASS" starttime="20240527 13:02:57.198" endtime="20240527 13:03:26.061"/>
</test>
<status status="PASS" starttime="20240527 13:02:54.592" endtime="20240527 13:03:26.062"/>
</suite>
<statistics>
<total>
<stat pass="1" fail="0" skip="0">All Tests</stat>
</total>
<tag>
</tag>
<suite>
<stat pass="1" fail="0" skip="0" id="s1" name="Login Test">Login Test</stat>
</suite>
</statistics>
<errors>
</errors>
</robot>
